2018/11/20 03:48:52 pre processing Convergent_Billboard.sol
2018/11/20 03:48:52 pre processing ../node_modules/@convergent/arc/contracts/EthPolynomialCurvedToken.sol
2018/11/20 03:48:52 pre processing ../node_modules/openzeppelin-solidity/contracts/ownership/Ownable.sol
2018/11/20 03:48:52 pre processing ../node_modules/@convergent/arc/contracts/EthBondingCurveToken.sol
2018/11/20 03:48:52 pre processing ../node_modules/openzeppelin-solidity/contracts/token/ERC20/ERC20Detailed.sol
2018/11/20 03:48:52 pre processing ../node_modules/openzeppelin-solidity/contracts/token/ERC20/ERC20.sol
2018/11/20 03:48:52 pre processing ../node_modules/openzeppelin-solidity/contracts/math/SafeMath.sol
2018/11/20 03:48:52 pre processing ../node_modules/openzeppelin-solidity/contracts/token/ERC20/IERC20.sol
2018/11/20 03:48:52 Resolved  SafeMath.sol
2018/11/20 03:48:52 Resolved  IERC20.sol
2018/11/20 03:48:52 EthPolynomialCurvedToken.sol remains unresolved
2018/11/20 03:48:52 Resolved  Ownable.sol
2018/11/20 03:48:52 Convergent_Billboard.sol remains unresolved
2018/11/20 03:48:52 EthBondingCurveToken.sol remains unresolved
2018/11/20 03:48:52 ERC20Detailed.sol remains unresolved
2018/11/20 03:48:52 ERC20.sol remains unresolved
2018/11/20 03:48:52 Written Ownable.sol (71) lines
2018/11/20 03:48:52 Convergent_Billboard.sol remains unresolved
2018/11/20 03:48:52 EthBondingCurveToken.sol remains unresolved
2018/11/20 03:48:52 ERC20Detailed.sol remains unresolved
2018/11/20 03:48:52 ERC20.sol remains unresolved
2018/11/20 03:48:52 Written SafeMath.sol (60) lines
2018/11/20 03:48:52 Written IERC20.sol (29) lines
2018/11/20 03:48:52 EthPolynomialCurvedToken.sol remains unresolved
2018/11/20 03:48:52 Convergent_Billboard.sol remains unresolved
2018/11/20 03:48:52 EthBondingCurveToken.sol remains unresolved
2018/11/20 03:48:52 Resolved  ERC20Detailed.sol
2018/11/20 03:48:52 Resolved  ERC20.sol
2018/11/20 03:48:52 EthPolynomialCurvedToken.sol remains unresolved
2018/11/20 03:48:52 Written ERC20Detailed.sol (33) lines
2018/11/20 03:48:52 Written ERC20.sol (200) lines
2018/11/20 03:48:52 EthPolynomialCurvedToken.sol remains unresolved
2018/11/20 03:48:52 Convergent_Billboard.sol remains unresolved
2018/11/20 03:48:52 Resolved  EthBondingCurveToken.sol
2018/11/20 03:48:52 EthPolynomialCurvedToken.sol remains unresolved
2018/11/20 03:48:52 Convergent_Billboard.sol remains unresolved
2018/11/20 03:48:52 Written EthBondingCurveToken.sol (48) lines
2018/11/20 03:48:52 Resolved  EthPolynomialCurvedToken.sol
2018/11/20 03:48:52 Convergent_Billboard.sol remains unresolved
2018/11/20 03:48:52 Written EthPolynomialCurvedToken.sol (42) lines
2018/11/20 03:48:52 Resolved  Convergent_Billboard.sol
2018/11/20 03:48:52 Written Convergent_Billboard.sol (65) lines
